This file contains any messages produced by compilers while
running configure, to aid debugging if configure makes a mistake.

It was created by Unnamed Blocks configure 0.1, which was
generated by GNU Autoconf 2.69.  Invocation command line was

  $ ./configure 

## --------- ##
## Platform. ##
## --------- ##

hostname = LittleWattson
uname -m = x86_64
uname -r = 5.4.3-zen1-1-zen
uname -s = Linux
uname -v = #1 ZEN SMP PREEMPT Fri, 13 Dec 2019 09:40:17 +0000

/usr/bin/uname -p = unknown
/bin/uname -X     = unknown

/bin/arch              = unknown
/usr/bin/arch -k       = unknown
/usr/convex/getsysinfo = unknown
/usr/bin/hostinfo      = unknown
/bin/machine           = unknown
/usr/bin/oslevel       = unknown
/bin/universe          = unknown

PATH: /usr/local/sbin
PATH: /usr/local/bin
PATH: /usr/bin
PATH: /usr/bin/site_perl
PATH: /usr/bin/vendor_perl
PATH: /usr/bin/core_perl
PATH: /var/lib/snapd/snap/bin


## ----------- ##
## Core tests. ##
## ----------- ##

configure:2342: checking for a BSD-compatible install
configure:2410: result: /usr/bin/install -c
configure:2421: checking whether build environment is sane
configure:2476: result: yes
configure:2625: checking for a thread-safe mkdir -p
configure:2664: result: /usr/bin/mkdir -p
configure:2671: checking for gawk
configure:2687: found /usr/bin/gawk
configure:2698: result: gawk
configure:2709: checking whether make sets $(MAKE)
configure:2731: result: yes
configure:2760: checking whether make supports nested variables
configure:2777: result: yes
configure:2911: checking build system type
configure:2925: result: x86_64-pc-linux-gnu
configure:2945: checking host system type
configure:2958: result: x86_64-pc-linux-gnu
configure:2982: checking whether make supports the include directive
configure:2997: make -f confmf.GNU && cat confinc.out
this is the am__doit target
configure:3000: $? = 0
configure:3019: result: yes (GNU style)
configure:3099: checking for g++
configure:3115: found /usr/bin/g++
configure:3126: result: g++
configure:3153: checking for C++ compiler version
configure:3162: g++ --version >&5
g++ (GCC) 9.2.0
Copyright (C) 2019 Free Software Foundation, Inc.
This is free software; see the source for copying conditions.  There is NO
warranty; not even for MERCHANTABILITY or FITNESS FOR A PARTICULAR PURPOSE.

configure:3173: $? = 0
configure:3162: g++ -v >&5
Using built-in specs.
COLLECT_GCC=g++
COLLECT_LTO_WRAPPER=/usr/lib/gcc/x86_64-pc-linux-gnu/9.2.0/lto-wrapper
Target: x86_64-pc-linux-gnu
Configured with: /build/gcc/src/gcc/configure --prefix=/usr --libdir=/usr/lib --libexecdir=/usr/lib --mandir=/usr/share/man --infodir=/usr/share/info --with-bugurl=https://bugs.archlinux.org/ --enable-languages=c,c++,ada,fortran,go,lto,objc,obj-c++,d --enable-shared --enable-threads=posix --with-system-zlib --with-isl --enable-__cxa_atexit --disable-libunwind-exceptions --enable-clocale=gnu --disable-libstdcxx-pch --disable-libssp --enable-gnu-unique-object --enable-linker-build-id --enable-lto --enable-plugin --enable-install-libiberty --with-linker-hash-style=gnu --enable-gnu-indirect-function --enable-multilib --disable-werror --enable-checking=release --enable-default-pie --enable-default-ssp --enable-cet=auto gdc_include_dir=/usr/include/dlang/gdc
Thread model: posix
gcc version 9.2.0 (GCC) 
configure:3173: $? = 0
configure:3162: g++ -V >&5
g++: error: unrecognized command line option '-V'
g++: fatal error: no input files
compilation terminated.
configure:3173: $? = 1
configure:3162: g++ -qversion >&5
g++: error: unrecognized command line option '-qversion'; did you mean '--version'?
g++: fatal error: no input files
compilation terminated.
configure:3173: $? = 1
configure:3193: checking whether the C++ compiler works
configure:3215: g++    conftest.cpp  >&5
configure:3219: $? = 0
configure:3267: result: yes
configure:3270: checking for C++ compiler default output file name
configure:3272: result: a.out
configure:3278: checking for suffix of executables
configure:3285: g++ -o conftest    conftest.cpp  >&5
configure:3289: $? = 0
configure:3311: result: 
configure:3333: checking whether we are cross compiling
configure:3341: g++ -o conftest    conftest.cpp  >&5
configure:3345: $? = 0
configure:3352: ./conftest
configure:3356: $? = 0
configure:3344: result: no
configure:3349: checking for suffix of object files
configure:3371: g++ -c   conftest.cpp >&5
configure:3375: $? = 0
configure:3396: result: o
configure:3400: checking whether we are using the GNU C++ compiler
configure:3419: g++ -c   conftest.cpp >&5
configure:3419: $? = 0
configure:3428: result: yes
configure:3437: checking whether g++ accepts -g
configure:3457: g++ -c -g  conftest.cpp >&5
configure:3457: $? = 0
configure:3498: result: yes
configure:3523: checking dependency style of g++
configure:3634: result: gcc3
configure:3787: checking for boostlib >= 1.71 (107100)
configure:3819: g++ -c -g -O2  -I/usr/include conftest.cpp >&5
configure:3819: $? = 0
configure:3821: result: yes
configure:4035: checking for pkg-config
configure:4053: found /usr/bin/pkg-config
configure:4065: result: /usr/bin/pkg-config
configure:4090: checking pkg-config is at least version 0.9.0
configure:4093: result: yes
configure:4103: checking for GLEW
configure:4110: $PKG_CONFIG --exists --print-errors "glew"
configure:4113: $? = 0
configure:4127: $PKG_CONFIG --exists --print-errors "glew"
configure:4130: $? = 0
configure:4188: result: yes
configure:4194: checking for SFML
configure:4201: $PKG_CONFIG --exists --print-errors "sfml-all"
configure:4204: $? = 0
configure:4218: $PKG_CONFIG --exists --print-errors "sfml-all"
configure:4221: $? = 0
configure:4279: result: yes
configure:4331: checking for gcc
configure:4347: found /usr/bin/gcc
configure:4358: result: gcc
configure:4587: checking for C compiler version
configure:4596: gcc --version >&5
gcc (GCC) 9.2.0
Copyright (C) 2019 Free Software Foundation, Inc.
This is free software; see the source for copying conditions.  There is NO
warranty; not even for MERCHANTABILITY or FITNESS FOR A PARTICULAR PURPOSE.

configure:4607: $? = 0
configure:4596: gcc -v >&5
Using built-in specs.
COLLECT_GCC=gcc
COLLECT_LTO_WRAPPER=/usr/lib/gcc/x86_64-pc-linux-gnu/9.2.0/lto-wrapper
Target: x86_64-pc-linux-gnu
Configured with: /build/gcc/src/gcc/configure --prefix=/usr --libdir=/usr/lib --libexecdir=/usr/lib --mandir=/usr/share/man --infodir=/usr/share/info --with-bugurl=https://bugs.archlinux.org/ --enable-languages=c,c++,ada,fortran,go,lto,objc,obj-c++,d --enable-shared --enable-threads=posix --with-system-zlib --with-isl --enable-__cxa_atexit --disable-libunwind-exceptions --enable-clocale=gnu --disable-libstdcxx-pch --disable-libssp --enable-gnu-unique-object --enable-linker-build-id --enable-lto --enable-plugin --enable-install-libiberty --with-linker-hash-style=gnu --enable-gnu-indirect-function --enable-multilib --disable-werror --enable-checking=release --enable-default-pie --enable-default-ssp --enable-cet=auto gdc_include_dir=/usr/include/dlang/gdc
Thread model: posix
gcc version 9.2.0 (GCC) 
configure:4607: $? = 0
configure:4596: gcc -V >&5
gcc: error: unrecognized command line option '-V'
gcc: fatal error: no input files
compilation terminated.
configure:4607: $? = 1
configure:4596: gcc -qversion >&5
gcc: error: unrecognized command line option '-qversion'; did you mean '--version'?
gcc: fatal error: no input files
compilation terminated.
configure:4607: $? = 1
configure:4611: checking whether we are using the GNU C compiler
configure:4630: gcc -c   conftest.c >&5
configure:4630: $? = 0
configure:4639: result: yes
configure:4648: checking whether gcc accepts -g
configure:4668: gcc -c -g  conftest.c >&5
configure:4668: $? = 0
configure:4709: result: yes
configure:4726: checking for gcc option to accept ISO C89
configure:4789: gcc  -c -g -O2  conftest.c >&5
configure:4789: $? = 0
configure:4802: result: none needed
configure:4827: checking whether gcc understands -c and -o together
configure:4849: gcc -c conftest.c -o conftest2.o
configure:4852: $? = 0
configure:4849: gcc -c conftest.c -o conftest2.o
configure:4852: $? = 0
configure:4864: result: yes
configure:4883: checking dependency style of gcc
configure:4994: result: gcc3
configure:5045: checking whether the Boost::Filesystem library is available
configure:5069: g++ -c -g -O2  -I/usr/include conftest.cpp >&5
configure:5069: $? = 0
configure:5083: result: yes
configure:5094: checking for exit in -lboost_filesystem
configure:5119: gcc -o conftest -g -O2  -I/usr/include  -L/usr/lib64 conftest.c -lboost_filesystem    >&5
conftest.c:20:6: warning: conflicting types for built-in function 'exit'; expected 'void(int)' [-Wbuiltin-declaration-mismatch]
   20 | char exit ();
      |      ^~~~
conftest.c:1:1: note: 'exit' is declared in header '<stdlib.h>'
    1 | /* confdefs.h */
configure:5119: $? = 0
configure:5129: result: yes
configure:5259: checking for X11
configure:5266: $PKG_CONFIG --exists --print-errors "x11"
configure:5269: $? = 0
configure:5283: $PKG_CONFIG --exists --print-errors "x11"
configure:5286: $? = 0
configure:5344: result: yes
configure:5403: checking how to print strings
configure:5430: result: printf
configure:5451: checking for a sed that does not truncate output
configure:5515: result: /usr/bin/sed
configure:5533: checking for grep that handles long lines and -e
configure:5591: result: /usr/bin/grep
configure:5596: checking for egrep
configure:5658: result: /usr/bin/grep -E
configure:5663: checking for fgrep
configure:5725: result: /usr/bin/grep -F
configure:5760: checking for ld used by gcc
configure:5827: result: /usr/bin/ld
configure:5834: checking if the linker (/usr/bin/ld) is GNU ld
configure:5849: result: yes
configure:5861: checking for BSD- or MS-compatible name lister (nm)
configure:5915: result: /usr/bin/nm -B
configure:6045: checking the name lister (/usr/bin/nm -B) interface
configure:6052: gcc -c -g -O2  conftest.c >&5
configure:6055: /usr/bin/nm -B "conftest.o"
configure:6058: output
0000000000000000 B some_variable
configure:6059: result: BSD nm
configure:6062: checking whether ln -s works
configure:6066: result: yes
configure:6074: checking the maximum length of command line arguments
configure:6205: result: 1572864
configure:6253: checking how to convert x86_64-pc-linux-gnu file names to x86_64-pc-linux-gnu format
configure:6293: result: func_convert_file_noop
configure:6300: checking how to convert x86_64-pc-linux-gnu file names to toolchain format
configure:6320: result: func_convert_file_noop
configure:6327: checking for /usr/bin/ld option to reload object files
configure:6334: result: -r
configure:6408: checking for objdump
configure:6424: found /usr/bin/objdump
configure:6435: result: objdump
configure:6467: checking how to recognize dependent libraries
configure:6667: result: pass_all
configure:6752: checking for dlltool
configure:6782: result: no
configure:6812: checking how to associate runtime and link libraries
configure:6839: result: printf %s\n
configure:6899: checking for ar
configure:6915: found /usr/bin/ar
configure:6926: result: ar
configure:6979: checking for archiver @FILE support
configure:6996: gcc -c -g -O2  conftest.c >&5
configure:6996: $? = 0
configure:6999: ar cr libconftest.a @conftest.lst >&5
configure:7002: $? = 0
configure:7007: ar cr libconftest.a @conftest.lst >&5
ar: conftest.o: No such file or directory
configure:7010: $? = 1
configure:7009: result: @
configure:7067: checking for strip
configure:7083: found /usr/bin/strip
configure:7094: result: strip
configure:7166: checking for ranlib
configure:7182: found /usr/bin/ranlib
configure:7193: result: ranlib
configure:7295: checking command to parse /usr/bin/nm -B output from gcc object
configure:7448: gcc -c -g -O2  conftest.c >&5
configure:7451: $? = 0
configure:7455: /usr/bin/nm -B conftest.o \| sed -n -e 's/^.*[ ]\([ABCDGIRSTW][ABCDGIRSTW]*\)[ ][ ]*\([_A-Za-z][_A-Za-z0-9]*\)$/\1 \2 \2/p' | sed '/ __gnu_lto/d' \> conftest.nm
configure:7458: $? = 0
configure:7524: gcc -o conftest -g -O2   conftest.c conftstm.o >&5
configure:7527: $? = 0
configure:7565: result: ok
configure:7612: checking for sysroot
configure:7642: result: no
configure:7649: checking for a working dd
configure:7687: result: /usr/bin/dd
configure:7691: checking how to truncate binary pipes
configure:7706: result: /usr/bin/dd bs=4096 count=1
configure:7842: gcc -c -g -O2  conftest.c >&5
configure:7845: $? = 0
configure:8035: checking for mt
configure:8065: result: no
configure:8085: checking if : is a manifest tool
configure:8091: : '-?'
configure:8099: result: no
configure:8776: checking how to run the C preprocessor
configure:8807: gcc -E  conftest.c
configure:8807: $? = 0
configure:8821: gcc -E  conftest.c
conftest.c:15:10: fatal error: ac_nonexistent.h: No such file or directory
   15 | #include <ac_nonexistent.h>
      |          ^~~~~~~~~~~~~~~~~~
compilation terminated.
configure:8821: $? = 1
configure: failed program was:
| /* confdefs.h */
| #define PACKAGE_NAME "Unnamed Blocks"
| #define PACKAGE_TARNAME "unnamed-blocks"
| #define PACKAGE_VERSION "0.1"
| #define PACKAGE_STRING "Unnamed Blocks 0.1"
| #define PACKAGE_BUGREPORT ""
| #define PACKAGE_URL ""
| #define PACKAGE "unnamed-blocks"
| #define VERSION "0.1"
| #define HAVE_BOOST /**/
| #define HAVE_BOOST_FILESYSTEM /**/
| #define LINUX 1
| #define POSIX 1
| /* end confdefs.h.  */
| #include <ac_nonexistent.h>
configure:8846: result: gcc -E
configure:8866: gcc -E  conftest.c
configure:8866: $? = 0
configure:8880: gcc -E  conftest.c
conftest.c:15:10: fatal error: ac_nonexistent.h: No such file or directory
   15 | #include <ac_nonexistent.h>
      |          ^~~~~~~~~~~~~~~~~~
compilation terminated.
configure:8880: $? = 1
configure: failed program was:
| /* confdefs.h */
| #define PACKAGE_NAME "Unnamed Blocks"
| #define PACKAGE_TARNAME "unnamed-blocks"
| #define PACKAGE_VERSION "0.1"
| #define PACKAGE_STRING "Unnamed Blocks 0.1"
| #define PACKAGE_BUGREPORT ""
| #define PACKAGE_URL ""
| #define PACKAGE "unnamed-blocks"
| #define VERSION "0.1"
| #define HAVE_BOOST /**/
| #define HAVE_BOOST_FILESYSTEM /**/
| #define LINUX 1
| #define POSIX 1
| /* end confdefs.h.  */
| #include <ac_nonexistent.h>
configure:8909: checking for ANSI C header files
configure:8929: gcc -c -g -O2  conftest.c >&5
configure:8929: $? = 0
configure:9002: gcc -o conftest -g -O2   conftest.c  >&5
configure:9002: $? = 0
configure:9002: ./conftest
configure:9002: $? = 0
configure:9013: result: yes
configure:9026: checking for sys/types.h
configure:9026: gcc -c -g -O2  conftest.c >&5
configure:9026: $? = 0
configure:9026: result: yes
configure:9026: checking for sys/stat.h
configure:9026: gcc -c -g -O2  conftest.c >&5
configure:9026: $? = 0
configure:9026: result: yes
configure:9026: checking for stdlib.h
configure:9026: gcc -c -g -O2  conftest.c >&5
configure:9026: $? = 0
configure:9026: result: yes
configure:9026: checking for string.h
configure:9026: gcc -c -g -O2  conftest.c >&5
configure:9026: $? = 0
configure:9026: result: yes
configure:9026: checking for memory.h
configure:9026: gcc -c -g -O2  conftest.c >&5
configure:9026: $? = 0
configure:9026: result: yes
configure:9026: checking for strings.h
configure:9026: gcc -c -g -O2  conftest.c >&5
configure:9026: $? = 0
configure:9026: result: yes
configure:9026: checking for inttypes.h
configure:9026: gcc -c -g -O2  conftest.c >&5
configure:9026: $? = 0
configure:9026: result: yes
configure:9026: checking for stdint.h
configure:9026: gcc -c -g -O2  conftest.c >&5
configure:9026: $? = 0
configure:9026: result: yes
configure:9026: checking for unistd.h
configure:9026: gcc -c -g -O2  conftest.c >&5
configure:9026: $? = 0
configure:9026: result: yes
configure:9040: checking for dlfcn.h
configure:9040: gcc -c -g -O2  conftest.c >&5
configure:9040: $? = 0
configure:9040: result: yes
configure:9306: checking for objdir
configure:9321: result: .libs
configure:9585: checking if gcc supports -fno-rtti -fno-exceptions
configure:9603: gcc -c -g -O2  -fno-rtti -fno-exceptions conftest.c >&5
cc1: warning: command line option '-fno-rtti' is valid for C++/D/ObjC++ but not for C
configure:9607: $? = 0
configure:9620: result: no
configure:9978: checking for gcc option to produce PIC
configure:9985: result: -fPIC -DPIC
configure:9993: checking if gcc PIC flag -fPIC -DPIC works
configure:10011: gcc -c -g -O2  -fPIC -DPIC -DPIC conftest.c >&5
configure:10015: $? = 0
configure:10028: result: yes
configure:10057: checking if gcc static flag -static works
configure:10085: result: yes
configure:10100: checking if gcc supports -c -o file.o
configure:10121: gcc -c -g -O2  -o out/conftest2.o conftest.c >&5
configure:10125: $? = 0
configure:10147: result: yes
configure:10155: checking if gcc supports -c -o file.o
configure:10202: result: yes
configure:10235: checking whether the gcc linker (/usr/bin/ld -m elf_x86_64) supports shared libraries
configure:11496: result: yes
configure:11533: checking whether -lc should be explicitly linked in
configure:11541: gcc -c -g -O2  conftest.c >&5
configure:11544: $? = 0
configure:11559: gcc -shared  -fPIC -DPIC conftest.o  -v -Wl,-soname -Wl,conftest -o conftest 2\>\&1 \| /usr/bin/grep  -lc  \>/dev/null 2\>\&1
configure:11562: $? = 0
configure:11576: result: no
configure:11736: checking dynamic linker characteristics
configure:12317: gcc -o conftest -g -O2   -Wl,-rpath -Wl,/foo conftest.c  >&5
configure:12317: $? = 0
configure:12554: result: GNU/Linux ld.so
configure:12676: checking how to hardcode library paths into programs
configure:12701: result: immediate
configure:13249: checking whether stripping libraries is possible
configure:13258: result: yes
configure:13300: checking if libtool supports shared libraries
configure:13302: result: yes
configure:13305: checking whether to build shared libraries
configure:13330: result: yes
configure:13333: checking whether to build static libraries
configure:13337: result: yes
configure:10139: checking how to run the C++ preprocessor
configure:10166: g++ -E  conftest.cpp
configure:10166: $? = 0
configure:10180: g++ -E  conftest.cpp
conftest.cpp:27:10: fatal error: ac_nonexistent.h: No such file or directory
   27 | #include <ac_nonexistent.h>
      |          ^~~~~~~~~~~~~~~~~~
compilation terminated.
configure:10180: $? = 1
configure: failed program was:
| /* confdefs.h */
| #define PACKAGE_NAME "Unnamed Blocks"
| #define PACKAGE_TARNAME "unnamed-blocks"
| #define PACKAGE_VERSION "0.1"
| #define PACKAGE_STRING "Unnamed Blocks 0.1"
| #define PACKAGE_BUGREPORT ""
| #define PACKAGE_URL ""
| #define PACKAGE "unnamed-blocks"
| #define VERSION "0.1"
| #define HAVE_BOOST /**/
| #define HAVE_BOOST_FILESYSTEM /**/
| #define LINUX 1
| #define POSIX 1
| #define STDC_HEADERS 1
| #define HAVE_SYS_TYPES_H 1
| #define HAVE_SYS_STAT_H 1
| #define HAVE_STDLIB_H 1
| #define HAVE_STRING_H 1
| #define HAVE_MEMORY_H 1
| #define HAVE_STRINGS_H 1
| #define HAVE_INTTYPES_H 1
| #define HAVE_STDINT_H 1
| #define HAVE_UNISTD_H 1
| #define HAVE_DLFCN_H 1
| #define LT_OBJDIR ".libs/"
| /* end confdefs.h.  */
| #include <ac_nonexistent.h>
configure:10205: result: g++ -E
configure:10225: g++ -E  conftest.cpp
configure:10225: $? = 0
configure:10239: g++ -E  conftest.cpp
conftest.cpp:27:10: fatal error: ac_nonexistent.h: No such file or directory
   27 | #include <ac_nonexistent.h>
      |          ^~~~~~~~~~~~~~~~~~
compilation terminated.
configure:10239: $? = 1
configure: failed program was:
| /* confdefs.h */
| #define PACKAGE_NAME "Unnamed Blocks"
| #define PACKAGE_TARNAME "unnamed-blocks"
| #define PACKAGE_VERSION "0.1"
| #define PACKAGE_STRING "Unnamed Blocks 0.1"
| #define PACKAGE_BUGREPORT ""
| #define PACKAGE_URL ""
| #define PACKAGE "unnamed-blocks"
| #define VERSION "0.1"
| #define HAVE_BOOST /**/
| #define HAVE_BOOST_FILESYSTEM /**/
| #define LINUX 1
| #define POSIX 1
| #define STDC_HEADERS 1
| #define HAVE_SYS_TYPES_H 1
| #define HAVE_SYS_STAT_H 1
| #define HAVE_STDLIB_H 1
| #define HAVE_STRING_H 1
| #define HAVE_MEMORY_H 1
| #define HAVE_STRINGS_H 1
| #define HAVE_INTTYPES_H 1
| #define HAVE_STDINT_H 1
| #define HAVE_UNISTD_H 1
| #define HAVE_DLFCN_H 1
| #define LT_OBJDIR ".libs/"
| /* end confdefs.h.  */
| #include <ac_nonexistent.h>
configure:10401: checking for ld used by g++
configure:10468: result: /usr/bin/ld -m elf_x86_64
configure:10475: checking if the linker (/usr/bin/ld -m elf_x86_64) is GNU ld
configure:10490: result: yes
configure:10545: checking whether the g++ linker (/usr/bin/ld -m elf_x86_64) supports shared libraries
configure:11619: result: yes
configure:11655: g++ -c -g -O2  conftest.cpp >&5
configure:11658: $? = 0
configure:12139: checking for g++ option to produce PIC
configure:12146: result: -fPIC -DPIC
configure:12154: checking if g++ PIC flag -fPIC -DPIC works
configure:12172: g++ -c -g -O2  -fPIC -DPIC -DPIC conftest.cpp >&5
configure:12176: $? = 0
configure:12189: result: yes
configure:12212: checking if g++ static flag -static works
configure:12240: result: yes
configure:12252: checking if g++ supports -c -o file.o
configure:12273: g++ -c -g -O2  -o out/conftest2.o conftest.cpp >&5
configure:12277: $? = 0
configure:12299: result: yes
configure:12304: checking if g++ supports -c -o file.o
configure:12351: result: yes
configure:12381: checking whether the g++ linker (/usr/bin/ld -m elf_x86_64) supports shared libraries
configure:12421: result: yes
configure:12562: checking dynamic linker characteristics
configure:13307: result: GNU/Linux ld.so
configure:13372: checking how to hardcode library paths into programs
configure:13397: result: immediate
configure:12352: checking for gcc
configure:12379: result: gcc
configure:12608: checking for C compiler version
configure:12617: gcc --version >&5
gcc (GCC) 9.2.0
Copyright (C) 2019 Free Software Foundation, Inc.
This is free software; see the source for copying conditions.  There is NO
warranty; not even for MERCHANTABILITY or FITNESS FOR A PARTICULAR PURPOSE.

configure:12628: $? = 0
configure:12617: gcc -v >&5
Using built-in specs.
COLLECT_GCC=gcc
COLLECT_LTO_WRAPPER=/usr/lib/gcc/x86_64-pc-linux-gnu/9.2.0/lto-wrapper
Target: x86_64-pc-linux-gnu
Configured with: /build/gcc/src/gcc/configure --prefix=/usr --libdir=/usr/lib --libexecdir=/usr/lib --mandir=/usr/share/man --infodir=/usr/share/info --with-bugurl=https://bugs.archlinux.org/ --enable-languages=c,c++,ada,fortran,go,lto,objc,obj-c++,d --enable-shared --enable-threads=posix --with-system-zlib --with-isl --enable-__cxa_atexit --disable-libunwind-exceptions --enable-clocale=gnu --disable-libstdcxx-pch --disable-libssp --enable-gnu-unique-object --enable-linker-build-id --enable-lto --enable-plugin --enable-install-libiberty --with-linker-hash-style=gnu --enable-gnu-indirect-function --enable-multilib --disable-werror --enable-checking=release --enable-default-pie --enable-default-ssp --enable-cet=auto gdc_include_dir=/usr/include/dlang/gdc
Thread model: posix
gcc version 9.2.0 (GCC) 
configure:12628: $? = 0
configure:12617: gcc -V >&5
gcc: error: unrecognized command line option '-V'
gcc: fatal error: no input files
compilation terminated.
configure:12628: $? = 1
configure:12617: gcc -qversion >&5
gcc: error: unrecognized command line option '-qversion'; did you mean '--version'?
gcc: fatal error: no input files
compilation terminated.
configure:12628: $? = 1
configure:12632: checking whether we are using the GNU C compiler
configure:12660: result: yes
configure:12669: checking whether gcc accepts -g
configure:12730: result: yes
configure:12747: checking for gcc option to accept ISO C89
configure:12823: result: none needed
configure:12848: checking whether gcc understands -c and -o together
configure:12885: result: yes
configure:12904: checking dependency style of gcc
configure:13015: result: gcc3
configure:13142: checking for C++ compiler version
configure:13151: g++ --version >&5
g++ (GCC) 9.2.0
Copyright (C) 2019 Free Software Foundation, Inc.
This is free software; see the source for copying conditions.  There is NO
warranty; not even for MERCHANTABILITY or FITNESS FOR A PARTICULAR PURPOSE.

configure:13162: $? = 0
configure:13151: g++ -v >&5
Using built-in specs.
COLLECT_GCC=g++
COLLECT_LTO_WRAPPER=/usr/lib/gcc/x86_64-pc-linux-gnu/9.2.0/lto-wrapper
Target: x86_64-pc-linux-gnu
Configured with: /build/gcc/src/gcc/configure --prefix=/usr --libdir=/usr/lib --libexecdir=/usr/lib --mandir=/usr/share/man --infodir=/usr/share/info --with-bugurl=https://bugs.archlinux.org/ --enable-languages=c,c++,ada,fortran,go,lto,objc,obj-c++,d --enable-shared --enable-threads=posix --with-system-zlib --with-isl --enable-__cxa_atexit --disable-libunwind-exceptions --enable-clocale=gnu --disable-libstdcxx-pch --disable-libssp --enable-gnu-unique-object --enable-linker-build-id --enable-lto --enable-plugin --enable-install-libiberty --with-linker-hash-style=gnu --enable-gnu-indirect-function --enable-multilib --disable-werror --enable-checking=release --enable-default-pie --enable-default-ssp --enable-cet=auto gdc_include_dir=/usr/include/dlang/gdc
Thread model: posix
gcc version 9.2.0 (GCC) 
configure:13162: $? = 0
configure:13151: g++ -V >&5
g++: error: unrecognized command line option '-V'
g++: fatal error: no input files
compilation terminated.
configure:13162: $? = 1
configure:13151: g++ -qversion >&5
g++: error: unrecognized command line option '-qversion'; did you mean '--version'?
g++: fatal error: no input files
compilation terminated.
configure:13162: $? = 1
configure:13166: checking whether we are using the GNU C++ compiler
configure:13194: result: yes
configure:13203: checking whether g++ accepts -g
configure:13264: result: yes
configure:13289: checking dependency style of g++
configure:13400: result: gcc3
configure:13552: checking that generated files are newer than configure
configure:13558: result: done
configure:13593: creating ./config.status

## ---------------------- ##
## Running config.status. ##
## ---------------------- ##

This file was extended by Unnamed Blocks config.status 0.1, which was
generated by GNU Autoconf 2.69.  Invocation command line was

  CONFIG_FILES    = 
  CONFIG_HEADERS  = 
  CONFIG_LINKS    = 
  CONFIG_COMMANDS = 
  $ ./config.status 

on LittleWattson

config.status:1078: creating Makefile
config.status:1250: executing depfiles commands
config.status:1327: cd .       && sed -e '/# am--include-marker/d' Makefile         | make -f - am--depfiles
config.status:1332: $? = 0
config.status:1250: executing libtool commands

## ---------------- ##
## Cache variables. ##
## ---------------- ##

ac_cv_build=x86_64-pc-linux-gnu
ac_cv_c_compiler_gnu=yes
ac_cv_cxx_compiler_gnu=yes
ac_cv_env_CCC_set=
ac_cv_env_CCC_value=
ac_cv_env_CC_set=
ac_cv_env_CC_value=
ac_cv_env_CFLAGS_set=
ac_cv_env_CFLAGS_value=
ac_cv_env_CPPFLAGS_set=
ac_cv_env_CPPFLAGS_value=
ac_cv_env_CPP_set=
ac_cv_env_CPP_value=
ac_cv_env_CXXCPP_set=
ac_cv_env_CXXCPP_value=
ac_cv_env_CXXFLAGS_set=
ac_cv_env_CXXFLAGS_value=
ac_cv_env_CXX_set=
ac_cv_env_CXX_value=
ac_cv_env_GLEW_CFLAGS_set=
ac_cv_env_GLEW_CFLAGS_value=
ac_cv_env_GLEW_LIBS_set=
ac_cv_env_GLEW_LIBS_value=
ac_cv_env_LDFLAGS_set=
ac_cv_env_LDFLAGS_value=
ac_cv_env_LIBS_set=
ac_cv_env_LIBS_value=
ac_cv_env_LT_SYS_LIBRARY_PATH_set=
ac_cv_env_LT_SYS_LIBRARY_PATH_value=
ac_cv_env_PKG_CONFIG_LIBDIR_set=
ac_cv_env_PKG_CONFIG_LIBDIR_value=
ac_cv_env_PKG_CONFIG_PATH_set=
ac_cv_env_PKG_CONFIG_PATH_value=
ac_cv_env_PKG_CONFIG_set=
ac_cv_env_PKG_CONFIG_value=
ac_cv_env_SFML_CFLAGS_set=
ac_cv_env_SFML_CFLAGS_value=
ac_cv_env_SFML_LIBS_set=
ac_cv_env_SFML_LIBS_value=
ac_cv_env_X11_CFLAGS_set=
ac_cv_env_X11_CFLAGS_value=
ac_cv_env_X11_LIBS_set=
ac_cv_env_X11_LIBS_value=
ac_cv_env_build_alias_set=
ac_cv_env_build_alias_value=
ac_cv_env_host_alias_set=
ac_cv_env_host_alias_value=
ac_cv_env_target_alias_set=
ac_cv_env_target_alias_value=
ac_cv_header_dlfcn_h=yes
ac_cv_header_inttypes_h=yes
ac_cv_header_memory_h=yes
ac_cv_header_stdc=yes
ac_cv_header_stdint_h=yes
ac_cv_header_stdlib_h=yes
ac_cv_header_string_h=yes
ac_cv_header_strings_h=yes
ac_cv_header_sys_stat_h=yes
ac_cv_header_sys_types_h=yes
ac_cv_header_unistd_h=yes
ac_cv_host=x86_64-pc-linux-gnu
ac_cv_lib_boost_filesystem___exit=yes
ac_cv_objext=o
ac_cv_path_EGREP='/usr/bin/grep -E'
ac_cv_path_FGREP='/usr/bin/grep -F'
ac_cv_path_GREP=/usr/bin/grep
ac_cv_path_SED=/usr/bin/sed
ac_cv_path_ac_pt_PKG_CONFIG=/usr/bin/pkg-config
ac_cv_path_install='/usr/bin/install -c'
ac_cv_path_lt_DD=/usr/bin/dd
ac_cv_path_mkdir=/usr/bin/mkdir
ac_cv_prog_AWK=gawk
ac_cv_prog_CPP='gcc -E'
ac_cv_prog_CXXCPP='g++ -E'
ac_cv_prog_ac_ct_AR=ar
ac_cv_prog_ac_ct_CC=gcc
ac_cv_prog_ac_ct_CXX=g++
ac_cv_prog_ac_ct_OBJDUMP=objdump
ac_cv_prog_ac_ct_RANLIB=ranlib
ac_cv_prog_ac_ct_STRIP=strip
ac_cv_prog_cc_c89=
ac_cv_prog_cc_g=yes
ac_cv_prog_cxx_g=yes
ac_cv_prog_make_make_set=yes
am_cv_CC_dependencies_compiler_type=gcc3
am_cv_CXX_dependencies_compiler_type=gcc3
am_cv_make_support_nested_variables=yes
am_cv_prog_cc_c_o=yes
ax_cv_boost_filesystem=yes
lt_cv_ar_at_file=@
lt_cv_archive_cmds_need_lc=no
lt_cv_deplibs_check_method=pass_all
lt_cv_file_magic_cmd='$MAGIC_CMD'
lt_cv_file_magic_test_file=
lt_cv_ld_reload_flag=-r
lt_cv_nm_interface='BSD nm'
lt_cv_objdir=.libs
lt_cv_path_LD=/usr/bin/ld
lt_cv_path_LDCXX='/usr/bin/ld -m elf_x86_64'
lt_cv_path_NM='/usr/bin/nm -B'
lt_cv_path_mainfest_tool=no
lt_cv_prog_compiler_c_o=yes
lt_cv_prog_compiler_c_o_CXX=yes
lt_cv_prog_compiler_pic='-fPIC -DPIC'
lt_cv_prog_compiler_pic_CXX='-fPIC -DPIC'
lt_cv_prog_compiler_pic_works=yes
lt_cv_prog_compiler_pic_works_CXX=yes
lt_cv_prog_compiler_rtti_exceptions=no
lt_cv_prog_compiler_static_works=yes
lt_cv_prog_compiler_static_works_CXX=yes
lt_cv_prog_gnu_ld=yes
lt_cv_prog_gnu_ldcxx=yes
lt_cv_sharedlib_from_linklib_cmd='printf %s\n'
lt_cv_shlibpath_overrides_runpath=no
lt_cv_sys_global_symbol_pipe='sed -n -e '\''s/^.*[	 ]\([ABCDGIRSTW][ABCDGIRSTW]*\)[	 ][	 ]*\([_A-Za-z][_A-Za-z0-9]*\)$/\1 \2 \2/p'\'' | sed '\''/ __gnu_lto/d'\'''
lt_cv_sys_global_symbol_to_c_name_address='sed -n -e '\''s/^: \(.*\) .*$/  {"\1", (void *) 0},/p'\'' -e '\''s/^[ABCDGIRSTW][ABCDGIRSTW]* .* \(.*\)$/  {"\1", (void *) \&\1},/p'\'''
lt_cv_sys_global_symbol_to_c_name_address_lib_prefix='sed -n -e '\''s/^: \(.*\) .*$/  {"\1", (void *) 0},/p'\'' -e '\''s/^[ABCDGIRSTW][ABCDGIRSTW]* .* \(lib.*\)$/  {"\1", (void *) \&\1},/p'\'' -e '\''s/^[ABCDGIRSTW][ABCDGIRSTW]* .* \(.*\)$/  {"lib\1", (void *) \&\1},/p'\'''
lt_cv_sys_global_symbol_to_cdecl='sed -n -e '\''s/^T .* \(.*\)$/extern int \1();/p'\'' -e '\''s/^[ABCDGIRSTW][ABCDGIRSTW]* .* \(.*\)$/extern char \1;/p'\'''
lt_cv_sys_global_symbol_to_import=
lt_cv_sys_max_cmd_len=1572864
lt_cv_to_host_file_cmd=func_convert_file_noop
lt_cv_to_tool_file_cmd=func_convert_file_noop
lt_cv_truncate_bin='/usr/bin/dd bs=4096 count=1'
pkg_cv_GLEW_CFLAGS=
pkg_cv_GLEW_LIBS='-lGLEW -lGLU -lGL '
pkg_cv_SFML_CFLAGS='-I/usr/include/freetype2 -I/usr/include/libpng16 -I/usr/include/harfbuzz -I/usr/include/glib-2.0 -I/usr/lib/glib-2.0/include -I/usr/include/AL '
pkg_cv_SFML_LIBS='-lsfml-graphics -lsfml-window -lsfml-audio -lsfml-network -lsfml-system '
pkg_cv_X11_CFLAGS=
pkg_cv_X11_LIBS='-lX11 '

## ----------------- ##
## Output variables. ##
## ----------------- ##

ACLOCAL='${SHELL} /home/applesthepi/unnamedblocks/missing aclocal-1.16'
AMDEPBACKSLASH='\'
AMDEP_FALSE='#'
AMDEP_TRUE=''
AMTAR='$${TAR-tar}'
AM_BACKSLASH='\'
AM_DEFAULT_V='$(AM_DEFAULT_VERBOSITY)'
AM_DEFAULT_VERBOSITY='1'
AM_V='$(V)'
AR='ar'
AUTOCONF='${SHELL} /home/applesthepi/unnamedblocks/missing autoconf'
AUTOHEADER='${SHELL} /home/applesthepi/unnamedblocks/missing autoheader'
AUTOMAKE='${SHELL} /home/applesthepi/unnamedblocks/missing automake-1.16'
AWK='gawk'
BOOST_CPPFLAGS='-I/usr/include'
BOOST_FILESYSTEM_LIB='-lboost_filesystem'
BOOST_LDFLAGS='-L/usr/lib64'
CC='gcc'
CCDEPMODE='depmode=gcc3'
CFLAGS='-g -O2'
CPP='gcc -E'
CPPFLAGS=''
CXX='g++'
CXXCPP='g++ -E'
CXXDEPMODE='depmode=gcc3'
CXXFLAGS='-g -O2'
CYGPATH_W='echo'
DEFS='-DPACKAGE_NAME=\"Unnamed\ Blocks\" -DPACKAGE_TARNAME=\"unnamed-blocks\" -DPACKAGE_VERSION=\"0.1\" -DPACKAGE_STRING=\"Unnamed\ Blocks\ 0.1\" -DPACKAGE_BUGREPORT=\"\" -DPACKAGE_URL=\"\" -DPACKAGE=\"unnamed-blocks\" -DVERSION=\"0.1\" -DHAVE_BOOST=/\*\*/ -DHAVE_BOOST_FILESYSTEM=/\*\*/ -DLINUX=1 -DPOSIX=1 -DSTDC_HEADERS=1 -DHAVE_SYS_TYPES_H=1 -DHAVE_SYS_STAT_H=1 -DHAVE_STDLIB_H=1 -DHAVE_STRING_H=1 -DHAVE_MEMORY_H=1 -DHAVE_STRINGS_H=1 -DHAVE_INTTYPES_H=1 -DHAVE_STDINT_H=1 -DHAVE_UNISTD_H=1 -DHAVE_DLFCN_H=1 -DLT_OBJDIR=\".libs/\"'
DEPDIR='.deps'
DLLTOOL='false'
DSYMUTIL=''
DUMPBIN=''
ECHO_C=''
ECHO_N='-n'
ECHO_T=''
EGREP='/usr/bin/grep -E'
EXEEXT=''
FGREP='/usr/bin/grep -F'
GLEW_CFLAGS=''
GLEW_LIBS='-lGLEW -lGLU -lGL '
GREP='/usr/bin/grep'
INSTALL_DATA='${INSTALL} -m 644'
INSTALL_PROGRAM='${INSTALL}'
INSTALL_SCRIPT='${INSTALL}'
INSTALL_STRIP_PROGRAM='$(install_sh) -c -s'
LD='/usr/bin/ld -m elf_x86_64'
LDFLAGS=''
LIBOBJS=''
LIBS=''
LIBTOOL='$(SHELL) $(top_builddir)/libtool'
LIPO=''
LN_S='ln -s'
LTLIBOBJS=''
LT_SYS_LIBRARY_PATH=''
MAKEINFO='${SHELL} /home/applesthepi/unnamedblocks/missing makeinfo'
MANIFEST_TOOL=':'
MKDIR_P='/usr/bin/mkdir -p'
NM='/usr/bin/nm -B'
NMEDIT=''
OBJDUMP='objdump'
OBJEXT='o'
OTOOL64=''
OTOOL=''
PACKAGE='unnamed-blocks'
PACKAGE_BUGREPORT=''
PACKAGE_NAME='Unnamed Blocks'
PACKAGE_STRING='Unnamed Blocks 0.1'
PACKAGE_TARNAME='unnamed-blocks'
PACKAGE_URL=''
PACKAGE_VERSION='0.1'
PATH_SEPARATOR=':'
PKG_CONFIG='/usr/bin/pkg-config'
PKG_CONFIG_LIBDIR=''
PKG_CONFIG_PATH=''
RANLIB='ranlib'
SED='/usr/bin/sed'
SET_MAKE=''
SFML_CFLAGS='-I/usr/include/freetype2 -I/usr/include/libpng16 -I/usr/include/harfbuzz -I/usr/include/glib-2.0 -I/usr/lib/glib-2.0/include -I/usr/include/AL '
SFML_LIBS='-lsfml-graphics -lsfml-window -lsfml-audio -lsfml-network -lsfml-system '
SHELL='/bin/sh'
STRIP='strip'
VERSION='0.1'
X11_CFLAGS=''
X11_LIBS='-lX11 '
ac_ct_AR='ar'
ac_ct_CC='gcc'
ac_ct_CXX='g++'
ac_ct_DUMPBIN=''
am__EXEEXT_FALSE=''
am__EXEEXT_TRUE='#'
am__fastdepCC_FALSE='#'
am__fastdepCC_TRUE=''
am__fastdepCXX_FALSE='#'
am__fastdepCXX_TRUE=''
am__include='include'
am__isrc=''
am__leading_dot='.'
am__nodep='_no'
am__quote=''
am__tar='$${TAR-tar} chof - "$$tardir"'
am__untar='$${TAR-tar} xf -'
bindir='${exec_prefix}/bin'
build='x86_64-pc-linux-gnu'
build_alias=''
build_cpu='x86_64'
build_os='linux-gnu'
build_vendor='pc'
datadir='${datarootdir}'
datarootdir='${prefix}/share'
docdir='${datarootdir}/doc/${PACKAGE_TARNAME}'
dvidir='${docdir}'
exec_prefix='${prefix}'
host='x86_64-pc-linux-gnu'
host_alias=''
host_cpu='x86_64'
host_os='linux-gnu'
host_vendor='pc'
htmldir='${docdir}'
includedir='${prefix}/include'
infodir='${datarootdir}/info'
install_sh='${SHELL} /home/applesthepi/unnamedblocks/install-sh'
libdir='${exec_prefix}/lib'
libexecdir='${exec_prefix}/libexec'
localedir='${datarootdir}/locale'
localstatedir='${prefix}/var'
mandir='${datarootdir}/man'
mkdir_p='$(MKDIR_P)'
oldincludedir='/usr/include'
pdfdir='${docdir}'
prefix='/usr/local'
program_transform_name='s,x,x,'
psdir='${docdir}'
sbindir='${exec_prefix}/sbin'
sharedstatedir='${prefix}/com'
sysconfdir='${prefix}/etc'
target_alias=''

## ----------- ##
## confdefs.h. ##
## ----------- ##

/* confdefs.h */
#define PACKAGE_NAME "Unnamed Blocks"
#define PACKAGE_TARNAME "unnamed-blocks"
#define PACKAGE_VERSION "0.1"
#define PACKAGE_STRING "Unnamed Blocks 0.1"
#define PACKAGE_BUGREPORT ""
#define PACKAGE_URL ""
#define PACKAGE "unnamed-blocks"
#define VERSION "0.1"
#define HAVE_BOOST /**/
#define HAVE_BOOST_FILESYSTEM /**/
#define LINUX 1
#define POSIX 1
#define STDC_HEADERS 1
#define HAVE_SYS_TYPES_H 1
#define HAVE_SYS_STAT_H 1
#define HAVE_STDLIB_H 1
#define HAVE_STRING_H 1
#define HAVE_MEMORY_H 1
#define HAVE_STRINGS_H 1
#define HAVE_INTTYPES_H 1
#define HAVE_STDINT_H 1
#define HAVE_UNISTD_H 1
#define HAVE_DLFCN_H 1
#define LT_OBJDIR ".libs/"

configure: exit 0
